# JRE version: Java(TM) SE Runtime Environment (21.0.1+12) (build 21.0.1+12-LTS-29)
# Java VM: Java HotSpot(TM) 64-Bit Server VM (21.0.1+12-LTS-29, mixed mode, sharing, tiered, compressed oops, compressed class ptrs, g1 gc, windows-amd64)
GC Precious Log:
 CardTable entry size: 512
 Card Set container configuration: InlinePtr #cards 4 size 8 Array Of Cards #cards 16 size 48 Howl #buckets 8 coarsen threshold 3686 Howl Bitmap #cards 512 size 80 coarsen threshold 460 Card regions per heap region 1 cards per card region 4096
 CPUs: 8 total, 8 available
 Memory: 16204M
 Large Page Support: Disabled
 NUMA Support: Disabled
 Compressed Oops: Enabled (Zero based)
 Heap Region Size: 2M
 Heap Min Capacity: 8M
 Heap Initial Capacity: 254M
 Heap Max Capacity: 4052M
 Pre-touch: Disabled
 Parallel Workers: 8
 Concurrent Workers: 2
 Concurrent Refinement Workers: 8
 Periodic GC: Disabled
Heap:
 garbage-first heap   total 98304K, used 56537K [0x00000004d7200000, 0x00000005d4600000)
  region size 2048K, 16 young (32768K), 4 survivors (8192K)
 Metaspace       used 74269K, committed 75008K, reserved 1114112K
  class space    used 9978K, committed 10304K, reserved 1048576K
GC Heap History (20 events):
Event: 0.988 GC heap before
{Heap before GC invocations=1 (full 0):
 garbage-first heap   total 260096K, used 32494K [0x00000004d7200000, 0x00000005d4600000)
  region size 2048K, 15 young (30720K), 2 survivors (4096K)
 Metaspace       used 12120K, committed 12416K, reserved 1114112K
  class space    used 1606K, committed 1728K, reserved 1048576K
}
Event: 0.993 GC heap after
{Heap after GC invocations=2 (full 0):
 garbage-first heap   total 260096K, used 11048K [0x00000004d7200000, 0x00000005d4600000)
  region size 2048K, 2 young (4096K), 2 survivors (4096K)
 Metaspace       used 12120K, committed 12416K, reserved 1114112K
  class space    used 1606K, committed 1728K, reserved 1048576K
}
Event: 1.409 GC heap before
{Heap before GC invocations=2 (full 0):
 garbage-first heap   total 260096K, used 52008K [0x00000004d7200000, 0x00000005d4600000)
  region size 2048K, 24 young (49152K), 2 survivors (4096K)
 Metaspace       used 21168K, committed 21504K, reserved 1114112K
  class space    used 2644K, committed 2816K, reserved 1048576K
}
Event: 1.414 GC heap after
{Heap after GC invocations=3 (full 0):
 garbage-first heap   total 260096K, used 15593K [0x00000004d7200000, 0x00000005d4600000)
  region size 2048K, 4 young (8192K), 4 survivors (8192K)
 Metaspace       used 21168K, committed 21504K, reserved 1114112K
  class space    used 2644K, committed 2816K, reserved 1048576K
}
Event: 1.933 GC heap before
{Heap before GC invocations=4 (full 0):
 garbage-first heap   total 69632K, used 48361K [0x00000004d7200000, 0x00000005d4600000)
  region size 2048K, 20 young (40960K), 4 survivors (8192K)
 Metaspace       used 25658K, committed 26048K, reserved 1114112K
  class space    used 3247K, committed 3456K, reserved 1048576K
}
Event: 1.939 GC heap after
{Heap after GC invocations=5 (full 0):
 garbage-first heap   total 69632K, used 17645K [0x00000004d7200000, 0x00000005d4600000)
  region size 2048K, 2 young (4096K), 2 survivors (4096K)
 Metaspace       used 25658K, committed 26048K, reserved 1114112K
  class space    used 3247K, committed 3456K, reserved 1048576K
}
Event: 2.489 GC heap before
{Heap before GC invocations=5 (full 0):
 garbage-first heap   total 69632K, used 48365K [0x00000004d7200000, 0x00000005d4600000)
  region size 2048K, 17 young (34816K), 2 survivors (4096K)
 Metaspace       used 31727K, committed 32192K, reserved 1114112K
  class space    used 4064K, committed 4288K, reserved 1048576K
}
Event: 2.495 GC heap after
{Heap after GC invocations=6 (full 0):
 garbage-first heap   total 69632K, used 20976K [0x00000004d7200000, 0x00000005d4600000)
  region size 2048K, 3 young (6144K), 3 survivors (6144K)
 Metaspace       used 31727K, committed 32192K, reserved 1114112K
  class space    used 4064K, committed 4288K, reserved 1048576K
}
Event: 2.788 GC heap before
{Heap before GC invocations=6 (full 0):
 garbage-first heap   total 69632K, used 39408K [0x00000004d7200000, 0x00000005d4600000)
  region size 2048K, 13 young (26624K), 3 survivors (6144K)
 Metaspace       used 35523K, committed 35968K, reserved 1114112K
  class space    used 4607K, committed 4800K, reserved 1048576K
}
Event: 2.796 GC heap after
{Heap after GC invocations=7 (full 0):
 garbage-first heap   total 83968K, used 21578K [0x00000004d7200000, 0x00000005d4600000)
  region size 2048K, 2 young (4096K), 2 survivors (4096K)
 Metaspace       used 35523K, committed 35968K, reserved 1114112K
  class space    used 4607K, committed 4800K, reserved 1048576K
}
Event: 3.656 GC heap before
{Heap before GC invocations=8 (full 0):
 garbage-first heap   total 81920K, used 66634K [0x00000004d7200000, 0x00000005d4600000)
  region size 2048K, 24 young (49152K), 2 survivors (4096K)
 Metaspace       used 50857K, committed 51328K, reserved 1114112K
  class space    used 6587K, committed 6784K, reserved 1048576K
}
Event: 3.664 GC heap after
{Heap after GC invocations=9 (full 0):
 garbage-first heap   total 81920K, used 26239K [0x00000004d7200000, 0x00000005d4600000)
  region size 2048K, 3 young (6144K), 3 survivors (6144K)
 Metaspace       used 50857K, committed 51328K, reserved 1114112K
  class space    used 6587K, committed 6784K, reserved 1048576K
}
Event: 4.123 GC heap before
{Heap before GC invocations=9 (full 0):
 garbage-first heap   total 81920K, used 61055K [0x00000004d7200000, 0x00000005d4600000)
  region size 2048K, 21 young (43008K), 3 survivors (6144K)
 Metaspace       used 59797K, committed 60288K, reserved 1114112K
  class space    used 7972K, committed 8192K, reserved 1048576K
}
Event: 4.132 GC heap after
{Heap after GC invocations=10 (full 0):
 garbage-first heap   total 81920K, used 27544K [0x00000004d7200000, 0x00000005d4600000)
  region size 2048K, 1 young (2048K), 1 survivors (2048K)
 Metaspace       used 59797K, committed 60288K, reserved 1114112K
  class space    used 7972K, committed 8192K, reserved 1048576K
}
Event: 4.143 GC heap before
{Heap before GC invocations=10 (full 0):
 garbage-first heap   total 81920K, used 27544K [0x00000004d7200000, 0x00000005d4600000)
  region size 2048K, 2 young (4096K), 1 survivors (2048K)
 Metaspace       used 60096K, committed 60608K, reserved 1114112K
  class space    used 8020K, committed 8256K, reserved 1048576K
}
Event: 4.146 GC heap after
{Heap after GC invocations=11 (full 0):
 garbage-first heap   total 81920K, used 27280K [0x00000004d7200000, 0x00000005d4600000)
  region size 2048K, 1 young (2048K), 1 survivors (2048K)
 Metaspace       used 60096K, committed 60608K, reserved 1114112K
  class space    used 8020K, committed 8256K, reserved 1048576K
}
Event: 7.531 GC heap before
{Heap before GC invocations=12 (full 0):
 garbage-first heap   total 81920K, used 70288K [0x00000004d7200000, 0x00000005d4600000)
  region size 2048K, 22 young (45056K), 1 survivors (2048K)
 Metaspace       used 66214K, committed 66880K, reserved 1114112K
  class space    used 8899K, committed 9216K, reserved 1048576K
}
Event: 7.534 GC heap after
{Heap after GC invocations=13 (full 0):
 garbage-first heap   total 98304K, used 29947K [0x00000004d7200000, 0x00000005d4600000)
  region size 2048K, 3 young (6144K), 3 survivors (6144K)
 Metaspace       used 66214K, committed 66880K, reserved 1114112K
  class space    used 8899K, committed 9216K, reserved 1048576K
}
Event: 8.125 GC heap before
{Heap before GC invocations=13 (full 0):
 garbage-first heap   total 98304K, used 81147K [0x00000004d7200000, 0x00000005d4600000)
  region size 2048K, 28 young (57344K), 3 survivors (6144K)
 Metaspace       used 70873K, committed 71552K, reserved 1114112K
  class space    used 9568K, committed 9856K, reserved 1048576K
}
Event: 8.133 GC heap after
{Heap after GC invocations=14 (full 0):
 garbage-first heap   total 98304K, used 34009K [0x00000004d7200000, 0x00000005d4600000)
  region size 2048K, 4 young (8192K), 4 survivors (8192K)
 Metaspace       used 70873K, committed 71552K, reserved 1114112K
  class space    used 9568K, committed 9856K, reserved 1048576K
}

